  [1m[36m (2.3ms)[0m  [1mCREATE TABLE "schema_migrations" ("version" character varying(255) NOT NULL) [0m
  [1m[35m (0.9ms)[0m  CREATE UNIQUE INDEX  "unique_schema_migrations" ON "schema_migrations"  ("version")
  [1m[36mActiveRecord::SchemaMigration Load (0.2ms)[0m  [1mSELECT "schema_migrations".* FROM "schema_migrations"[0m
Migrating to DeviseCreateUsers (20141016052505)
  [1m[35m (0.1ms)[0m  BEGIN
  [1m[36m (3.1ms)[0m  [1mCREATE TABLE "users" ("id" serial primary key, "email" character varying(255) DEFAULT '' NOT NULL, "encrypted_password" character varying(255) DEFAULT '' NOT NULL, "reset_password_token" character varying(255), "reset_password_sent_at" timestamp, "remember_created_at" timestamp, "sign_in_count" integer DEFAULT 0 NOT NULL, "current_sign_in_at" timestamp, "last_sign_in_at" timestamp, "current_sign_in_ip" inet, "last_sign_in_ip" inet, "created_at" timestamp, "updated_at" timestamp) [0m
  [1m[35m (0.5ms)[0m  CREATE UNIQUE INDEX  "index_users_on_email" ON "users"  ("email")
  [1m[36m (0.5ms)[0m  [1mCREATE UNIQUE INDEX  "index_users_on_reset_password_token" ON "users"  ("reset_password_token")[0m
  [1m[35mSQL (0.5ms)[0m  INSERT INTO "schema_migrations" ("version") VALUES ($1)  [["version", "20141016052505"]]
  [1m[36m (0.4ms)[0m  [1mCOMMIT[0m
Migrating to AddNameToUsers (20141016052508)
  [1m[35m (0.2ms)[0m  BEGIN
  [1m[36m (0.4ms)[0m  [1mALTER TABLE "users" ADD COLUMN "name" character varying(255)[0m
  [1m[35mSQL (0.2ms)[0m  INSERT INTO "schema_migrations" ("version") VALUES ($1)  [["version", "20141016052508"]]
  [1m[36m (0.2ms)[0m  [1mCOMMIT[0m
Migrating to AddConfirmableToUsers (20141016052510)
  [1m[35m (0.1ms)[0m  BEGIN
  [1m[36m (0.3ms)[0m  [1mALTER TABLE "users" ADD COLUMN "confirmation_token" character varying(255)[0m
  [1m[35m (0.2ms)[0m  ALTER TABLE "users" ADD COLUMN "confirmed_at" timestamp
  [1m[36m (0.2ms)[0m  [1mALTER TABLE "users" ADD COLUMN "confirmation_sent_at" timestamp[0m
  [1m[35m (0.2ms)[0m  ALTER TABLE "users" ADD COLUMN "unconfirmed_email" character varying(255)
  [1m[36mSQL (0.1ms)[0m  [1mINSERT INTO "schema_migrations" ("version") VALUES ($1)[0m  [["version", "20141016052510"]]
  [1m[35m (0.2ms)[0m  COMMIT
  [1m[36mActiveRecord::SchemaMigration Load (0.2ms)[0m  [1mSELECT "schema_migrations".* FROM "schema_migrations"[0m
  [1m[36mActiveRecord::SchemaMigration Load (0.3ms)[0m  [1mSELECT "schema_migrations".* FROM "schema_migrations"[0m
Migrating to AddRoleToUsers (20141016052515)
  [1m[35m (0.1ms)[0m  BEGIN
  [1m[36m (0.5ms)[0m  [1mALTER TABLE "users" ADD COLUMN "role" integer[0m
  [1m[35mSQL (0.2ms)[0m  INSERT INTO "schema_migrations" ("version") VALUES ($1)  [["version", "20141016052515"]]
  [1m[36m (1.8ms)[0m  [1mCOMMIT[0m
  [1m[35mActiveRecord::SchemaMigration Load (0.2ms)[0m  SELECT "schema_migrations".* FROM "schema_migrations"
  [1m[36mActiveRecord::SchemaMigration Load (0.3ms)[0m  [1mSELECT "schema_migrations".* FROM "schema_migrations"[0m
  [1m[35mUser Load (0.6ms)[0m  SELECT  "users".* FROM "users"  WHERE "users"."email" = 'user@example.com' LIMIT 1
  [1m[36m (0.1ms)[0m  [1mBEGIN[0m
  [1m[35mSQL (0.5ms)[0m  INSERT INTO "users" ("confirmed_at", "created_at", "email", "encrypted_password", "role", "updated_at") VALUES ($1, $2, $3, $4, $5, $6) RETURNING "id"  [["confirmed_at", "2014-10-16 05:25:38.301648"], ["created_at", "2014-10-16 05:25:38.302028"], ["email", "user@example.com"], ["encrypted_password", "$2a$10$dOr4kCQiw1YX1qmV0vH31u9eMf.pHTRWRNKLOMPDclZ5oajFXxf/i"], ["role", 0], ["updated_at", "2014-10-16 05:25:38.302028"]]
  [1m[36m (1.2ms)[0m  [1mCOMMIT[0m
  [1m[35m (0.1ms)[0m  BEGIN
  [1m[36mSQL (0.3ms)[0m  [1mUPDATE "users" SET "role" = $1, "updated_at" = $2 WHERE "users"."id" = 1[0m  [["role", 2], ["updated_at", "2014-10-16 05:25:38.308633"]]
  [1m[35m (0.2ms)[0m  COMMIT
  [1m[36m (0.1ms)[0m  [1mBEGIN[0m
  [1m[35m (0.1ms)[0m  COMMIT


Started GET "/" for 127.0.0.1 at 2014-10-16 00:11:57 -0600
Processing by Rails::WelcomeController#index as HTML
  Rendered /Users/ianks/.rbenv/versions/2.1.3/lib/ruby/gems/2.1.0/gems/railties-4.1.6/lib/rails/templates/rails/welcome/index.html.erb (1.4ms)
Completed 200 OK in 6ms (Views: 5.8ms)


Started GET "/favicon.ico" for 127.0.0.1 at 2014-10-16 00:11:58 -0600

ActionController::RoutingError (No route matches [GET] "/favicon.ico"):
  actionpack (4.1.6) lib/action_dispatch/middleware/debug_exceptions.rb:21:in `call'
  actionpack (4.1.6) lib/action_dispatch/middleware/show_exceptions.rb:30:in `call'
  railties (4.1.6) lib/rails/rack/logger.rb:38:in `call_app'
  railties (4.1.6) lib/rails/rack/logger.rb:20:in `block in call'
  activesupport (4.1.6) lib/active_support/tagged_logging.rb:68:in `block in tagged'
  activesupport (4.1.6) lib/active_support/tagged_logging.rb:26:in `tagged'
  activesupport (4.1.6) lib/active_support/tagged_logging.rb:68:in `tagged'
  railties (4.1.6) lib/rails/rack/logger.rb:20:in `call'
  quiet_assets (1.0.3) lib/quiet_assets.rb:23:in `call_with_quiet_assets'
  actionpack (4.1.6) lib/action_dispatch/middleware/request_id.rb:21:in `call'
  rack (1.5.2) lib/rack/methodoverride.rb:21:in `call'
  rack (1.5.2) lib/rack/runtime.rb:17:in `call'
  activesupport (4.1.6) lib/active_support/cache/strategy/local_cache_middleware.rb:26:in `call'
  rack (1.5.2) lib/rack/lock.rb:17:in `call'
  actionpack (4.1.6) lib/action_dispatch/middleware/static.rb:64:in `call'
  rack (1.5.2) lib/rack/sendfile.rb:112:in `call'
  railties (4.1.6) lib/rails/engine.rb:514:in `call'
  railties (4.1.6) lib/rails/application.rb:144:in `call'
  rack (1.5.2) lib/rack/content_length.rb:14:in `call'
  thin (1.6.3) lib/thin/connection.rb:86:in `block in pre_process'
  thin (1.6.3) lib/thin/connection.rb:84:in `catch'
  thin (1.6.3) lib/thin/connection.rb:84:in `pre_process'
  thin (1.6.3) lib/thin/connection.rb:53:in `process'
  thin (1.6.3) lib/thin/connection.rb:39:in `receive_data'
  eventmachine (1.0.3) lib/eventmachine.rb:187:in `run_machine'
  eventmachine (1.0.3) lib/eventmachine.rb:187:in `run'
  thin (1.6.3) lib/thin/backends/base.rb:73:in `start'
  thin (1.6.3) lib/thin/server.rb:162:in `start'
  rack (1.5.2) lib/rack/handler/thin.rb:16:in `run'
  rack (1.5.2) lib/rack/server.rb:264:in `start'
  railties (4.1.6) lib/rails/commands/server.rb:69:in `start'
  railties (4.1.6) lib/rails/commands/commands_tasks.rb:81:in `block in server'
  railties (4.1.6) lib/rails/commands/commands_tasks.rb:76:in `tap'
  railties (4.1.6) lib/rails/commands/commands_tasks.rb:76:in `server'
  railties (4.1.6) lib/rails/commands/commands_tasks.rb:40:in `run_command!'
  railties (4.1.6) lib/rails/commands.rb:17:in `<top (required)>'
  bin/rails:8:in `require'
  bin/rails:8:in `<top (required)>'
  spring (1.1.3) lib/spring/client/rails.rb:27:in `load'
  spring (1.1.3) lib/spring/client/rails.rb:27:in `call'
  spring (1.1.3) lib/spring/client/command.rb:7:in `call'
  spring (1.1.3) lib/spring/client.rb:26:in `run'
  spring (1.1.3) bin/spring:48:in `<top (required)>'
  spring (1.1.3) lib/spring/binstub.rb:11:in `load'
  spring (1.1.3) lib/spring/binstub.rb:11:in `<top (required)>'
  bin/spring:16:in `require'
  bin/spring:16:in `<top (required)>'
  bin/rails:3:in `load'
  bin/rails:3:in `<main>'


  Rendered /Users/ianks/.rbenv/versions/2.1.3/lib/ruby/gems/2.1.0/gems/actionpack-4.1.6/lib/action_dispatch/middleware/templates/rescues/_trace.html.erb (0.9ms)
  Rendered /Users/ianks/.rbenv/versions/2.1.3/lib/ruby/gems/2.1.0/gems/actionpack-4.1.6/lib/action_dispatch/middleware/templates/routes/_route.html.erb (1.4ms)
  Rendered /Users/ianks/.rbenv/versions/2.1.3/lib/ruby/gems/2.1.0/gems/actionpack-4.1.6/lib/action_dispatch/middleware/templates/routes/_table.html.erb (5.5ms)
  Rendered /Users/ianks/.rbenv/versions/2.1.3/lib/ruby/gems/2.1.0/gems/actionpack-4.1.6/lib/action_dispatch/middleware/templates/rescues/routing_error.html.erb within rescues/layout (31.8ms)
 [36mCYPHER[0m [33m154ms[0m MATCH (person1:`Person`), (n:`User`), person1<-[r]-(n:`User`) WHERE ID(person1) = {ID_person1_} DELETE r | {:ID_person1_=>1}
 [36mCYPHER[0m [33m16ms[0m START start = node(1), end = node() CREATE start<-[rel0:`#user`]-end
 [36mPerson#user[0m [33m37ms[0m MATCH (person1:`Person`), (result:`User`), person1<-[rel0]-(result:`User`) WHERE ID(person1) = {ID_person1_} RETURN result ORDER BY ID(result) LIMIT 1 | {:ID_person1_=>1}
 [36mCYPHER[0m [33m30ms[0m MATCH (n:`Person`) RETURN n ORDER BY n.uuid LIMIT 1
 [36mCYPHER[0m [33m5ms[0m MATCH (n:`Person`) RETURN n ORDER BY n.uuid LIMIT 1
 [36mCYPHER[0m [33m3ms[0m MATCH (n:`Person`) RETURN n ORDER BY n.uuid LIMIT 1
 [36mPerson#user[0m [33m23ms[0m MATCH (person0:`Person`), (result:`User`), person0<-[rel0]-(result:`User`) WHERE ID(person0) = {ID_person0_} RETURN result ORDER BY ID(result) LIMIT 1 | {:ID_person0_=>0}
 [36mCYPHER[0m [33m12ms[0m MATCH (n:`User`) RETURN n ORDER BY n.uuid LIMIT 1
 [36mCYPHER[0m [33m4ms[0m MATCH (n:`User`) RETURN n ORDER BY n.uuid LIMIT 1
 [36mCYPHER[0m [33m5ms[0m MATCH (n:`User`) RETURN n ORDER BY n.uuid LIMIT 1
 [36mCYPHER[0m [33m67ms[0m MATCH (result:`User`) WHERE result.email = {result_email} RETURN COUNT(result) AS count | {:result_email=>"test@test.com"}
 [36mUser#role[0m [33m18ms[0m MATCH (user3:`User`), result, user3-[rel0]->(result) WHERE ID(user3) = {ID_user3_} RETURN result ORDER BY ID(result) LIMIT 1 | {:ID_user3_=>3}
 [36mUser#role[0m [33m2ms[0m MATCH (user3:`User`), result, user3-[rel0]->(result) WHERE ID(user3) = {ID_user3_} RETURN result ORDER BY ID(result) LIMIT 1 | {:ID_user3_=>3}
 [36mCYPHER[0m [33m7ms[0m MATCH (n:`User`) RETURN n ORDER BY n.uuid LIMIT 1
 [36mCYPHER[0m [33m5ms[0m MATCH (result:`User`) WHERE result.email = {result_email} RETURN COUNT(result) AS count | {:result_email=>"tesdddt@test.com"}
 [36mUser#role[0m [33m19ms[0m MATCH (user5:`User`), (result:`Person`), user5-[rel0:`role`]->(result:`Person`) WHERE ID(user5) = {ID_user5_} RETURN result ORDER BY ID(result) LIMIT 1 | {:ID_user5_=>5}
 [36mCYPHER[0m [33m14ms[0m MATCH (user5:`User`), (n:`Person`), user5-[r:`role`]->(n:`Person`) WHERE ID(user5) = {ID_user5_} DELETE r | {:ID_user5_=>5}
 [36mCYPHER[0m [33m25ms[0m START start = node(5), end = node(6) CREATE start-[rel0:`role`]->end
 [36mCYPHER[0m [33m4ms[0m MATCH (result:`User`) WHERE result.email = {result_email} RETURN COUNT(result) AS count | {:result_email=>"tesdddt@tdddest.com"}
 [36mCYPHER[0m [33m13ms[0m MATCH (user8:`User`), n, user8-[r:`role`]->(n) WHERE ID(user8) = {ID_user8_} DELETE r | {:ID_user8_=>8}
 [36mCYPHER[0m [33m10ms[0m START start = node(8), end = node(7) CREATE start-[rel0:`role`]->end
 [36mUser#role[0m [33m17ms[0m MATCH (user8:`User`), result, user8-[rel0:`role`]->(result) WHERE ID(user8) = {ID_user8_} RETURN result ORDER BY ID(result) LIMIT 1 | {:ID_user8_=>8}
 [36mCYPHER[0m [33m9ms[0m MATCH (result:`User`) WHERE result.email = {result_email} RETURN COUNT(result) AS count | {:result_email=>"tesdddt@tdddest.com"}
 [36mCYPHER[0m [33m5ms[0m MATCH (result:`User`) WHERE result.email = {result_email} RETURN COUNT(result) AS count | {:result_email=>"tesddasssfddt@tdddest.com"}
 [36mCYPHER[0m [33m11ms[0m MATCH (user9:`User`), n, user9-[r:`role`]->(n) WHERE ID(user9) = {ID_user9_} DELETE r | {:ID_user9_=>9}
 [36mCYPHER[0m [33m10ms[0m START start = node(9), end = node(10) CREATE start-[rel0:`role`]->end
 [36mUser#role[0m [33m14ms[0m MATCH (user9:`User`), result, user9-[rel0:`role`]->(result) WHERE ID(user9) = {ID_user9_} RETURN result ORDER BY ID(result) LIMIT 1 | {:ID_user9_=>9}
 [36mPerson#account[0m [33m14ms[0m MATCH (person10:`Person`), (result:`User`), person10<-[rel0:`role`]-(result:`User`) WHERE ID(person10) = {ID_person10_} RETURN result ORDER BY ID(result) LIMIT 1 | {:ID_person10_=>10}
 [36mCYPHER[0m [33m5ms[0m MATCH (n:`User`) RETURN n ORDER BY n.uuid LIMIT 1
 [36mCYPHER[0m [33m4ms[0m MATCH (n:`User`) RETURN n ORDER BY n.uuid LIMIT 1
 [36mCYPHER[0m [33m4ms[0m MATCH (n:`User`) RETURN n ORDER BY n.uuid LIMIT 1
 [36mCYPHER[0m [33m4ms[0m MATCH (n:`Person`) RETURN n ORDER BY n.uuid LIMIT 1
 [36mCYPHER[0m [33m3ms[0m MATCH (n:`Person`) RETURN n ORDER BY n.uuid LIMIT 1
 [36mPerson#account[0m [33m16ms[0m MATCH (person0:`Person`), (result:`User`), person0<-[rel0:`role`]-(result:`User`) WHERE ID(person0) = {ID_person0_} RETURN result ORDER BY ID(result) LIMIT 1 | {:ID_person0_=>0}
 [36mCYPHER[0m [33m9ms[0m MATCH (n:`Person`) RETURN n ORDER BY n.uuid DESC LIMIT 1
 [36mCYPHER[0m [33m4ms[0m MATCH (n:`Person`) RETURN n ORDER BY n.uuid DESC LIMIT 1
 [36mPerson#account[0m [33m13ms[0m MATCH (person7:`Person`), (result:`User`), person7<-[rel0:`role`]-(result:`User`) WHERE ID(person7) = {ID_person7_} RETURN result ORDER BY ID(result) LIMIT 1 | {:ID_person7_=>7}
 [36mCYPHER[0m [33m4ms[0m MATCH (n:`Person`) RETURN n ORDER BY n.uuid DESC LIMIT 1
 [36mPerson#account[0m [33m2ms[0m MATCH (person7:`Person`), (result:`User`), person7<-[rel0:`role`]-(result:`User`) WHERE ID(person7) = {ID_person7_} RETURN result ORDER BY ID(result) LIMIT 1 | {:ID_person7_=>7}
 [36mCYPHER[0m [33m80ms[0m MATCH (n:`User`) RETURN n ORDER BY n.uuid LIMIT 1
